<?xml version="1.0" encoding="UTF-8"?>
<!-- Generated by org.testng.reporters.JUnitReportReporter -->
<testsuite ignored="0" hostname="lenovo-PC" failures="0" tests="1" name="auto.SmokeTest" time="16.594" errors="0" timestamp="19 May 2023 14:11:13 GMT" skipped="0">
  <testcase classname="auto.SmokeTest" name="gridTable" time="16.594"/>
</testsuite> <!-- auto.SmokeTest -->
